error: Prueba de log level error
fatal: Prueba de log level error
error: Prueba de log level error
fatal: Prueba de log level error
error: undefined
error: undefined
error: undefined
error: undefined
error: undefined
error: undefined
error: undefined
error: undefined
error: undefined
error: undefined
error: undefined
error: undefined
error: undefined
error: undefined
error: undefined
error: undefined
error: undefined
error: undefined
error: undefined {"address":"2800:3f0:4003:c00::6c","code":"ESOCKET","command":"CONN","errno":-4062,"port":465,"syscall":"connect"}
error: undefined {"address":"2800:3f0:4003:c00::6c","code":"ESOCKET","command":"CONN","errno":-4062,"port":465,"syscall":"connect"}
error: undefined {"code":"EENVELOPE","command":"API"}
error: undefined
